<component name="libraryTable">
  <library name="junit-platform-console-standalone-1.10.0-M11">
    <CLASSES>
      <root url="jar://$PROJECT_DIR$/src/lib/junit-platform-console-standalone-1.10.0-M1.jar!/" />
    </CLASSES>
    <JAVADOC />
    <SOURCES />
  </library>
</component>